<?xml version="1.0" encoding="UTF-8" ?>
<testsuite tests="2" failures="0" name="org.suda.customerMgr.dao.CustomerDaoImplTest" time="0.34" errors="0" skipped="0">
  <properties>
    <property name="java.runtime.name" value="Java(TM) SE Runtime Environment"/>
    <property name="sun.boot.library.path" value="C:\Program Files\Java\jdk1.8.0\jre\bin"/>
    <property name="java.vm.version" value="25.0-b69"/>
    <property name="java.vm.vendor" value="Oracle Corporation"/>
    <property name="java.vendor.url" value="http://java.oracle.com/"/>
    <property name="path.separator" value=";"/>
    <property name="java.vm.name" value="Java HotSpot(TM) 64-Bit Server VM"/>
    <property name="file.encoding.pkg" value="sun.io"/>
    <property name="user.script" value=""/>
    <property name="user.country" value="US"/>
    <property name="sun.java.launcher" value="SUN_STANDARD"/>
    <property name="sun.os.patch.level" value="Service Pack 1"/>
    <property name="java.vm.specification.name" value="Java Virtual Machine Specification"/>
    <property name="user.dir" value="C:\Program Files (x86)\Jenkins\jobs\Pull_request\workspace"/>
    <property name="java.runtime.version" value="1.8.0-b128"/>
    <property name="java.awt.graphicsenv" value="sun.awt.Win32GraphicsEnvironment"/>
    <property name="basedir" value="C:\Program Files (x86)\Jenkins\jobs\Pull_request\workspace"/>
    <property name="java.endorsed.dirs" value="C:\Program Files\Java\jdk1.8.0\jre\lib\endorsed"/>
    <property name="os.arch" value="amd64"/>
    <property name="surefire.real.class.path" value="C:\Program Files (x86)\Jenkins\jobs\Pull_request\workspace\target\surefire\surefirebooter7763452162503832236.jar"/>
    <property name="java.io.tmpdir" value="C:\Windows\TEMP\"/>
    <property name="line.separator" value="
"/>
    <property name="java.vm.specification.vendor" value="Oracle Corporation"/>
    <property name="user.variant" value=""/>
    <property name="os.name" value="Windows 7"/>
    <property name="sun.jnu.encoding" value="Cp1252"/>
    <property name="java.library.path" value="C:\Program Files\Java\jdk1.8.0\jre\bin;C:\Windows\Sun\Java\bin;C:\Windows\system32;C:\Windows;D:\apache-maven-3.0.3/bin;C:\Program Files\Java\jdk1.8.0/bin;C:\Program Files\Java\jdk1.8.0/bin;C:\Program Files (x86)\PHP\;C:\Windows\system32;C:\Windows;C:\Windows\System32\Wbem;C:\Windows\System32\WindowsPowerShell\v1.0\;C:\sonar-runner-dist-2.4\sonar-runner-2.4\bin;;."/>
    <property name="surefire.test.class.path" value="C:\Program Files (x86)\Jenkins\jobs\Pull_request\workspace\target\test-classes;C:\Program Files (x86)\Jenkins\jobs\Pull_request\workspace\target\generated-classes\cobertura;C:\Windows\system32\config\systemprofile\.m2\repository\junit\junit\4.11\junit-4.11.jar;C:\Windows\system32\config\systemprofile\.m2\repository\org\hamcrest\hamcrest-core\1.3\hamcrest-core-1.3.jar;C:\Windows\system32\config\systemprofile\.m2\repository\org\springframework\spring-core\3.2.0.RELEASE\spring-core-3.2.0.RELEASE.jar;C:\Windows\system32\config\systemprofile\.m2\repository\commons-logging\commons-logging\1.1.1\commons-logging-1.1.1.jar;C:\Windows\system32\config\systemprofile\.m2\repository\org\springframework\spring-webmvc\3.2.0.RELEASE\spring-webmvc-3.2.0.RELEASE.jar;C:\Windows\system32\config\systemprofile\.m2\repository\org\springframework\spring-context\3.2.0.RELEASE\spring-context-3.2.0.RELEASE.jar;C:\Windows\system32\config\systemprofile\.m2\repository\org\springframework\spring-expression\3.2.0.RELEASE\spring-expression-3.2.0.RELEASE.jar;C:\Windows\system32\config\systemprofile\.m2\repository\org\springframework\spring-web\3.2.0.RELEASE\spring-web-3.2.0.RELEASE.jar;C:\Windows\system32\config\systemprofile\.m2\repository\org\springframework\spring-aop\3.2.0.RELEASE\spring-aop-3.2.0.RELEASE.jar;C:\Windows\system32\config\systemprofile\.m2\repository\aopalliance\aopalliance\1.0\aopalliance-1.0.jar;C:\Windows\system32\config\systemprofile\.m2\repository\org\springframework\spring-orm\3.2.0.RELEASE\spring-orm-3.2.0.RELEASE.jar;C:\Windows\system32\config\systemprofile\.m2\repository\org\springframework\spring-tx\3.2.0.RELEASE\spring-tx-3.2.0.RELEASE.jar;C:\Windows\system32\config\systemprofile\.m2\repository\org\jfrog\artifactory\client\artifactory-java-client-services\0.16\artifactory-java-client-services-0.16.jar;C:\Windows\system32\config\systemprofile\.m2\repository\org\jfrog\artifactory\client\artifactory-java-client-api\0.16\artifactory-java-client-api-0.16.jar;C:\Windows\system32\config\systemprofile\.m2\repository\org\codehaus\groovy\groovy\2.3.2\groovy-2.3.2.jar;C:\Windows\system32\config\systemprofile\.m2\repository\org\codehaus\groovy\groovy-json\2.3.2\groovy-json-2.3.2.jar;C:\Windows\system32\config\systemprofile\.m2\repository\org\codehaus\groovy\groovy-xml\2.3.2\groovy-xml-2.3.2.jar;C:\Windows\system32\config\systemprofile\.m2\repository\org\codehaus\groovy\modules\http-builder\http-builder\0.6\http-builder-0.6.jar;C:\Windows\system32\config\systemprofile\.m2\repository\org\apache\httpcomponents\httpclient\4.2.1\httpclient-4.2.1.jar;C:\Windows\system32\config\systemprofile\.m2\repository\org\apache\httpcomponents\httpcore\4.2.1\httpcore-4.2.1.jar;C:\Windows\system32\config\systemprofile\.m2\repository\net\sf\json-lib\json-lib\2.3\json-lib-2.3-jdk15.jar;C:\Windows\system32\config\systemprofile\.m2\repository\commons-beanutils\commons-beanutils\1.8.0\commons-beanutils-1.8.0.jar;C:\Windows\system32\config\systemprofile\.m2\repository\net\sf\ezmorph\ezmorph\1.0.6\ezmorph-1.0.6.jar;C:\Windows\system32\config\systemprofile\.m2\repository\xml-resolver\xml-resolver\1.2\xml-resolver-1.2.jar;C:\Windows\system32\config\systemprofile\.m2\repository\net\sourceforge\nekohtml\nekohtml\1.9.17\nekohtml-1.9.17.jar;C:\Windows\system32\config\systemprofile\.m2\repository\xerces\xercesImpl\2.9.1\xercesImpl-2.9.1.jar;C:\Windows\system32\config\systemprofile\.m2\repository\xml-apis\xml-apis\1.3.04\xml-apis-1.3.04.jar;C:\Windows\system32\config\systemprofile\.m2\repository\org\slf4j\slf4j-api\1.7.2\slf4j-api-1.7.2.jar;C:\Windows\system32\config\systemprofile\.m2\repository\org\slf4j\log4j-over-slf4j\1.7.2\log4j-over-slf4j-1.7.2.jar;C:\Windows\system32\config\systemprofile\.m2\repository\org\slf4j\jcl-over-slf4j\1.7.2\jcl-over-slf4j-1.7.2.jar;C:\Windows\system32\config\systemprofile\.m2\repository\ch\qos\logback\logback-classic\1.0.9\logback-classic-1.0.9.jar;C:\Windows\system32\config\systemprofile\.m2\repository\com\fasterxml\jackson\core\jackson-core\2.0.4\jackson-core-2.0.4.jar;C:\Windows\system32\config\systemprofile\.m2\repository\com\fasterxml\jackson\core\jackson-annotations\2.0.4\jackson-annotations-2.0.4.jar;C:\Windows\system32\config\systemprofile\.m2\repository\com\fasterxml\jackson\core\jackson-databind\2.0.4\jackson-databind-2.0.4.jar;C:\Windows\system32\config\systemprofile\.m2\repository\org\springframework\spring-beans\3.2.0.RELEASE\spring-beans-3.2.0.RELEASE.jar;C:\Windows\system32\config\systemprofile\.m2\repository\org\springframework\spring-jdbc\3.2.0.RELEASE\spring-jdbc-3.2.0.RELEASE.jar;C:\Windows\system32\config\systemprofile\.m2\repository\javax\servlet\jstl\1.1.2\jstl-1.1.2.jar;C:\Windows\system32\config\systemprofile\.m2\repository\taglibs\standard\1.1.2\standard-1.1.2.jar;C:\Windows\system32\config\systemprofile\.m2\repository\javax\persistence\persistence-api\1.0.2\persistence-api-1.0.2.jar;C:\Windows\system32\config\systemprofile\.m2\repository\javax\servlet\javax.servlet-api\3.0.1\javax.servlet-api-3.0.1.jar;C:\Windows\system32\config\systemprofile\.m2\repository\org\hibernate\java-persistence\jpa-api\2.0-cr-1\jpa-api-2.0-cr-1.jar;C:\Windows\system32\config\systemprofile\.m2\repository\org\hibernate\hibernate-entitymanager\3.6.3.Final\hibernate-entitymanager-3.6.3.Final.jar;C:\Windows\system32\config\systemprofile\.m2\repository\org\hibernate\hibernate-core\3.6.3.Final\hibernate-core-3.6.3.Final.jar;C:\Windows\system32\config\systemprofile\.m2\repository\antlr\antlr\2.7.6\antlr-2.7.6.jar;C:\Windows\system32\config\systemprofile\.m2\repository\dom4j\dom4j\1.6.1\dom4j-1.6.1.jar;C:\Windows\system32\config\systemprofile\.m2\repository\javax\transaction\jta\1.1\jta-1.1.jar;C:\Windows\system32\config\systemprofile\.m2\repository\cglib\cglib\2.2\cglib-2.2.jar;C:\Windows\system32\config\systemprofile\.m2\repository\asm\asm\3.1\asm-3.1.jar;C:\Windows\system32\config\systemprofile\.m2\repository\javassist\javassist\3.12.0.GA\javassist-3.12.0.GA.jar;C:\Windows\system32\config\systemprofile\.m2\repository\org\hibernate\javax\persistence\hibernate-jpa-2.0-api\1.0.0.Final\hibernate-jpa-2.0-api-1.0.0.Final.jar;C:\Windows\system32\config\systemprofile\.m2\repository\javax\validation\validation-api\1.1.0.Final\validation-api-1.1.0.Final.jar;C:\Windows\system32\config\systemprofile\.m2\repository\org\hibernate\hibernate-validator\5.0.1.Final\hibernate-validator-5.0.1.Final.jar;C:\Windows\system32\config\systemprofile\.m2\repository\org\jboss\logging\jboss-logging\3.1.1.GA\jboss-logging-3.1.1.GA.jar;C:\Windows\system32\config\systemprofile\.m2\repository\com\fasterxml\classmate\0.8.0\classmate-0.8.0.jar;C:\Windows\system32\config\systemprofile\.m2\repository\mysql\mysql-connector-java\5.1.10\mysql-connector-java-5.1.10.jar;C:\Windows\system32\config\systemprofile\.m2\repository\log4j\log4j\1.2.17\log4j-1.2.17.jar;C:\Windows\system32\config\systemprofile\.m2\repository\org\slf4j\slf4j-log4j12\1.7.5\slf4j-log4j12-1.7.5.jar;C:\Windows\system32\config\systemprofile\.m2\repository\org\mockito\mockito-all\1.9.5\mockito-all-1.9.5.jar;C:\Windows\system32\config\systemprofile\.m2\repository\org\codehaus\sonar\sonar-core\4.5.2\sonar-core-4.5.2.jar;C:\Windows\system32\config\systemprofile\.m2\repository\org\mybatis\mybatis\3.2.7\mybatis-3.2.7.jar;C:\Windows\system32\config\systemprofile\.m2\repository\org\codehaus\sonar\sonar-deprecated\4.5.2\sonar-deprecated-4.5.2.jar;C:\Windows\system32\config\systemprofile\.m2\repository\jfree\jfreechart\1.0.9\jfreechart-1.0.9.jar;C:\Windows\system32\config\systemprofile\.m2\repository\jfree\jcommon\1.0.12\jcommon-1.0.12.jar;C:\Windows\system32\config\systemprofile\.m2\repository\org\apache\maven\maven-project\2.2.0\maven-project-2.2.0.jar;C:\Windows\system32\config\systemprofile\.m2\repository\org\apache\maven\maven-settings\2.2.0\maven-settings-2.2.0.jar;C:\Windows\system32\config\systemprofile\.m2\repository\org\apache\maven\maven-profile\2.2.0\maven-profile-2.2.0.jar;C:\Windows\system32\config\systemprofile\.m2\repository\org\apache\maven\maven-model\2.2.0\maven-model-2.2.0.jar;C:\Windows\system32\config\systemprofile\.m2\repository\org\apache\maven\maven-plugin-registry\2.2.0\maven-plugin-registry-2.2.0.jar;C:\Windows\system32\config\systemprofile\.m2\repository\org\codehaus\plexus\plexus-utils\1.5.15\plexus-utils-1.5.15.jar;C:\Windows\system32\config\systemprofile\.m2\repository\org\apache\maven\maven-artifact\2.2.0\maven-artifact-2.2.0.jar;C:\Windows\system32\config\systemprofile\.m2\repository\org\codehaus\sonar\sonar-update-center-common\1.11\sonar-update-center-common-1.11.jar;C:\Windows\system32\config\systemprofile\.m2\repository\commons-io\commons-io\2.4\commons-io-2.4.jar;C:\Windows\system32\config\systemprofile\.m2\repository\org\codehaus\sonar\sonar-home\4.5.2\sonar-home-4.5.2.jar;C:\Windows\system32\config\systemprofile\.m2\repository\org\hibernate\hibernate-annotations\3.4.0.GA\hibernate-annotations-3.4.0.GA.jar;C:\Windows\system32\config\systemprofile\.m2\repository\org\hibernate\ejb3-persistence\1.0.2.GA\ejb3-persistence-1.0.2.GA.jar;C:\Windows\system32\config\systemprofile\.m2\repository\org\hibernate\hibernate-commons-annotations\3.1.0.GA\hibernate-commons-annotations-3.1.0.GA.jar;C:\Windows\system32\config\systemprofile\.m2\repository\geronimo-spec\geronimo-spec-jta\1.0-M1\geronimo-spec-jta-1.0-M1.jar;C:\Windows\system32\config\systemprofile\.m2\repository\commons-dbcp\commons-dbcp\1.4\commons-dbcp-1.4.jar;C:\Windows\system32\config\systemprofile\.m2\repository\commons-pool\commons-pool\1.5.4\commons-pool-1.5.4.jar;C:\Windows\system32\config\systemprofile\.m2\repository\commons-dbutils\commons-dbutils\1.5\commons-dbutils-1.5.jar;C:\Windows\system32\config\systemprofile\.m2\repository\org\codehaus\plexus\plexus-classworlds\2.5.1\plexus-classworlds-2.5.1.jar;C:\Windows\system32\config\systemprofile\.m2\repository\com\googlecode\json-simple\json-simple\1.1.1\json-simple-1.1.1.jar;C:\Windows\system32\config\systemprofile\.m2\repository\com\tinkerpop\blueprints\blueprints-core\2.2.0\blueprints-core-2.2.0.jar;C:\Windows\system32\config\systemprofile\.m2\repository\ch\qos\logback\logback-core\1.0.13\logback-core-1.0.13.jar;C:\Windows\system32\config\systemprofile\.m2\repository\org\codehaus\sonar\sonar-plugin-api\5.0\sonar-plugin-api-5.0.jar;C:\Windows\system32\config\systemprofile\.m2\repository\com\google\code\findbugs\jsr305\1.3.9\jsr305-1.3.9.jar;C:\Windows\system32\config\systemprofile\.m2\repository\org\codehaus\sonar\sonar-check-api\5.0\sonar-check-api-5.0.jar;C:\Windows\system32\config\systemprofile\.m2\repository\org\codehaus\sonar\sonar-colorizer\5.0\sonar-colorizer-5.0.jar;C:\Windows\system32\config\systemprofile\.m2\repository\org\codehaus\sonar\sonar-channel\4.1\sonar-channel-4.1.jar;C:\Windows\system32\config\systemprofile\.m2\repository\org\codehaus\sonar\sonar-duplications\5.0\sonar-duplications-5.0.jar;C:\Windows\system32\config\systemprofile\.m2\repository\org\codehaus\sonar\sonar-graph\5.0\sonar-graph-5.0.jar;C:\Windows\system32\config\systemprofile\.m2\repository\org\codehaus\sonar\sonar-squid\4.1\sonar-squid-4.1.jar;C:\Windows\system32\config\systemprofile\.m2\repository\org\picocontainer\picocontainer\2.14.3\picocontainer-2.14.3.jar;C:\Windows\system32\config\systemprofile\.m2\repository\com\google\guava\guava\10.0.1\guava-10.0.1.jar;C:\Windows\system32\config\systemprofile\.m2\repository\commons-codec\commons-codec\1.8\commons-codec-1.8.jar;C:\Windows\system32\config\systemprofile\.m2\repository\commons-lang\commons-lang\2.6\commons-lang-2.6.jar;C:\Windows\system32\config\systemprofile\.m2\repository\commons-collections\commons-collections\3.2.1\commons-collections-3.2.1.jar;C:\Windows\system32\config\systemprofile\.m2\repository\xpp3\xpp3\1.1.3.3\xpp3-1.1.3.3.jar;C:\Windows\system32\config\systemprofile\.m2\repository\org\codehaus\woodstox\woodstox-core-lgpl\4.4.0\woodstox-core-lgpl-4.4.0.jar;C:\Windows\system32\config\systemprofile\.m2\repository\javax\xml\stream\stax-api\1.0-2\stax-api-1.0-2.jar;C:\Windows\system32\config\systemprofile\.m2\repository\org\codehaus\woodstox\stax2-api\3.1.4\stax2-api-3.1.4.jar;C:\Windows\system32\config\systemprofile\.m2\repository\org\codehaus\staxmate\staxmate\2.0.1\staxmate-2.0.1.jar;C:\Windows\system32\config\systemprofile\.m2\repository\net\sourceforge\cobertura\cobertura\1.9.2\cobertura-1.9.2.jar;C:\Windows\system32\config\systemprofile\.m2\repository\org\apache\ant\ant\1.7.0\ant-1.7.0.jar;C:\Windows\system32\config\systemprofile\.m2\repository\org\apache\ant\ant-launcher\1.7.0\ant-launcher-1.7.0.jar;"/>
    <property name="java.specification.name" value="Java Platform API Specification"/>
    <property name="java.class.version" value="52.0"/>
    <property name="sun.management.compiler" value="HotSpot 64-Bit Tiered Compilers"/>
    <property name="os.version" value="6.1"/>
    <property name="user.home" value="C:\Windows\system32\config\systemprofile"/>
    <property name="user.timezone" value="Asia/Calcutta"/>
    <property name="java.awt.printerjob" value="sun.awt.windows.WPrinterJob"/>
    <property name="java.specification.version" value="1.8"/>
    <property name="file.encoding" value="Cp1252"/>
    <property name="user.name" value="RITUS$"/>
    <property name="java.class.path" value="C:\Program Files (x86)\Jenkins\jobs\Pull_request\workspace\target\test-classes;C:\Program Files (x86)\Jenkins\jobs\Pull_request\workspace\target\generated-classes\cobertura;C:\Windows\system32\config\systemprofile\.m2\repository\junit\junit\4.11\junit-4.11.jar;C:\Windows\system32\config\systemprofile\.m2\repository\org\hamcrest\hamcrest-core\1.3\hamcrest-core-1.3.jar;C:\Windows\system32\config\systemprofile\.m2\repository\org\springframework\spring-core\3.2.0.RELEASE\spring-core-3.2.0.RELEASE.jar;C:\Windows\system32\config\systemprofile\.m2\repository\commons-logging\commons-logging\1.1.1\commons-logging-1.1.1.jar;C:\Windows\system32\config\systemprofile\.m2\repository\org\springframework\spring-webmvc\3.2.0.RELEASE\spring-webmvc-3.2.0.RELEASE.jar;C:\Windows\system32\config\systemprofile\.m2\repository\org\springframework\spring-context\3.2.0.RELEASE\spring-context-3.2.0.RELEASE.jar;C:\Windows\system32\config\systemprofile\.m2\repository\org\springframework\spring-expression\3.2.0.RELEASE\spring-expression-3.2.0.RELEASE.jar;C:\Windows\system32\config\systemprofile\.m2\repository\org\springframework\spring-web\3.2.0.RELEASE\spring-web-3.2.0.RELEASE.jar;C:\Windows\system32\config\systemprofile\.m2\repository\org\springframework\spring-aop\3.2.0.RELEASE\spring-aop-3.2.0.RELEASE.jar;C:\Windows\system32\config\systemprofile\.m2\repository\aopalliance\aopalliance\1.0\aopalliance-1.0.jar;C:\Windows\system32\config\systemprofile\.m2\repository\org\springframework\spring-orm\3.2.0.RELEASE\spring-orm-3.2.0.RELEASE.jar;C:\Windows\system32\config\systemprofile\.m2\repository\org\springframework\spring-tx\3.2.0.RELEASE\spring-tx-3.2.0.RELEASE.jar;C:\Windows\system32\config\systemprofile\.m2\repository\org\jfrog\artifactory\client\artifactory-java-client-services\0.16\artifactory-java-client-services-0.16.jar;C:\Windows\system32\config\systemprofile\.m2\repository\org\jfrog\artifactory\client\artifactory-java-client-api\0.16\artifactory-java-client-api-0.16.jar;C:\Windows\system32\config\systemprofile\.m2\repository\org\codehaus\groovy\groovy\2.3.2\groovy-2.3.2.jar;C:\Windows\system32\config\systemprofile\.m2\repository\org\codehaus\groovy\groovy-json\2.3.2\groovy-json-2.3.2.jar;C:\Windows\system32\config\systemprofile\.m2\repository\org\codehaus\groovy\groovy-xml\2.3.2\groovy-xml-2.3.2.jar;C:\Windows\system32\config\systemprofile\.m2\repository\org\codehaus\groovy\modules\http-builder\http-builder\0.6\http-builder-0.6.jar;C:\Windows\system32\config\systemprofile\.m2\repository\org\apache\httpcomponents\httpclient\4.2.1\httpclient-4.2.1.jar;C:\Windows\system32\config\systemprofile\.m2\repository\org\apache\httpcomponents\httpcore\4.2.1\httpcore-4.2.1.jar;C:\Windows\system32\config\systemprofile\.m2\repository\net\sf\json-lib\json-lib\2.3\json-lib-2.3-jdk15.jar;C:\Windows\system32\config\systemprofile\.m2\repository\commons-beanutils\commons-beanutils\1.8.0\commons-beanutils-1.8.0.jar;C:\Windows\system32\config\systemprofile\.m2\repository\net\sf\ezmorph\ezmorph\1.0.6\ezmorph-1.0.6.jar;C:\Windows\system32\config\systemprofile\.m2\repository\xml-resolver\xml-resolver\1.2\xml-resolver-1.2.jar;C:\Windows\system32\config\systemprofile\.m2\repository\net\sourceforge\nekohtml\nekohtml\1.9.17\nekohtml-1.9.17.jar;C:\Windows\system32\config\systemprofile\.m2\repository\xerces\xercesImpl\2.9.1\xercesImpl-2.9.1.jar;C:\Windows\system32\config\systemprofile\.m2\repository\xml-apis\xml-apis\1.3.04\xml-apis-1.3.04.jar;C:\Windows\system32\config\systemprofile\.m2\repository\org\slf4j\slf4j-api\1.7.2\slf4j-api-1.7.2.jar;C:\Windows\system32\config\systemprofile\.m2\repository\org\slf4j\log4j-over-slf4j\1.7.2\log4j-over-slf4j-1.7.2.jar;C:\Windows\system32\config\systemprofile\.m2\repository\org\slf4j\jcl-over-slf4j\1.7.2\jcl-over-slf4j-1.7.2.jar;C:\Windows\system32\config\systemprofile\.m2\repository\ch\qos\logback\logback-classic\1.0.9\logback-classic-1.0.9.jar;C:\Windows\system32\config\systemprofile\.m2\repository\com\fasterxml\jackson\core\jackson-core\2.0.4\jackson-core-2.0.4.jar;C:\Windows\system32\config\systemprofile\.m2\repository\com\fasterxml\jackson\core\jackson-annotations\2.0.4\jackson-annotations-2.0.4.jar;C:\Windows\system32\config\systemprofile\.m2\repository\com\fasterxml\jackson\core\jackson-databind\2.0.4\jackson-databind-2.0.4.jar;C:\Windows\system32\config\systemprofile\.m2\repository\org\springframework\spring-beans\3.2.0.RELEASE\spring-beans-3.2.0.RELEASE.jar;C:\Windows\system32\config\systemprofile\.m2\repository\org\springframework\spring-jdbc\3.2.0.RELEASE\spring-jdbc-3.2.0.RELEASE.jar;C:\Windows\system32\config\systemprofile\.m2\repository\javax\servlet\jstl\1.1.2\jstl-1.1.2.jar;C:\Windows\system32\config\systemprofile\.m2\repository\taglibs\standard\1.1.2\standard-1.1.2.jar;C:\Windows\system32\config\systemprofile\.m2\repository\javax\persistence\persistence-api\1.0.2\persistence-api-1.0.2.jar;C:\Windows\system32\config\systemprofile\.m2\repository\javax\servlet\javax.servlet-api\3.0.1\javax.servlet-api-3.0.1.jar;C:\Windows\system32\config\systemprofile\.m2\repository\org\hibernate\java-persistence\jpa-api\2.0-cr-1\jpa-api-2.0-cr-1.jar;C:\Windows\system32\config\systemprofile\.m2\repository\org\hibernate\hibernate-entitymanager\3.6.3.Final\hibernate-entitymanager-3.6.3.Final.jar;C:\Windows\system32\config\systemprofile\.m2\repository\org\hibernate\hibernate-core\3.6.3.Final\hibernate-core-3.6.3.Final.jar;C:\Windows\system32\config\systemprofile\.m2\repository\antlr\antlr\2.7.6\antlr-2.7.6.jar;C:\Windows\system32\config\systemprofile\.m2\repository\dom4j\dom4j\1.6.1\dom4j-1.6.1.jar;C:\Windows\system32\config\systemprofile\.m2\repository\javax\transaction\jta\1.1\jta-1.1.jar;C:\Windows\system32\config\systemprofile\.m2\repository\cglib\cglib\2.2\cglib-2.2.jar;C:\Windows\system32\config\systemprofile\.m2\repository\asm\asm\3.1\asm-3.1.jar;C:\Windows\system32\config\systemprofile\.m2\repository\javassist\javassist\3.12.0.GA\javassist-3.12.0.GA.jar;C:\Windows\system32\config\systemprofile\.m2\repository\org\hibernate\javax\persistence\hibernate-jpa-2.0-api\1.0.0.Final\hibernate-jpa-2.0-api-1.0.0.Final.jar;C:\Windows\system32\config\systemprofile\.m2\repository\javax\validation\validation-api\1.1.0.Final\validation-api-1.1.0.Final.jar;C:\Windows\system32\config\systemprofile\.m2\repository\org\hibernate\hibernate-validator\5.0.1.Final\hibernate-validator-5.0.1.Final.jar;C:\Windows\system32\config\systemprofile\.m2\repository\org\jboss\logging\jboss-logging\3.1.1.GA\jboss-logging-3.1.1.GA.jar;C:\Windows\system32\config\systemprofile\.m2\repository\com\fasterxml\classmate\0.8.0\classmate-0.8.0.jar;C:\Windows\system32\config\systemprofile\.m2\repository\mysql\mysql-connector-java\5.1.10\mysql-connector-java-5.1.10.jar;C:\Windows\system32\config\systemprofile\.m2\repository\log4j\log4j\1.2.17\log4j-1.2.17.jar;C:\Windows\system32\config\systemprofile\.m2\repository\org\slf4j\slf4j-log4j12\1.7.5\slf4j-log4j12-1.7.5.jar;C:\Windows\system32\config\systemprofile\.m2\repository\org\mockito\mockito-all\1.9.5\mockito-all-1.9.5.jar;C:\Windows\system32\config\systemprofile\.m2\repository\org\codehaus\sonar\sonar-core\4.5.2\sonar-core-4.5.2.jar;C:\Windows\system32\config\systemprofile\.m2\repository\org\mybatis\mybatis\3.2.7\mybatis-3.2.7.jar;C:\Windows\system32\config\systemprofile\.m2\repository\org\codehaus\sonar\sonar-deprecated\4.5.2\sonar-deprecated-4.5.2.jar;C:\Windows\system32\config\systemprofile\.m2\repository\jfree\jfreechart\1.0.9\jfreechart-1.0.9.jar;C:\Windows\system32\config\systemprofile\.m2\repository\jfree\jcommon\1.0.12\jcommon-1.0.12.jar;C:\Windows\system32\config\systemprofile\.m2\repository\org\apache\maven\maven-project\2.2.0\maven-project-2.2.0.jar;C:\Windows\system32\config\systemprofile\.m2\repository\org\apache\maven\maven-settings\2.2.0\maven-settings-2.2.0.jar;C:\Windows\system32\config\systemprofile\.m2\repository\org\apache\maven\maven-profile\2.2.0\maven-profile-2.2.0.jar;C:\Windows\system32\config\systemprofile\.m2\repository\org\apache\maven\maven-model\2.2.0\maven-model-2.2.0.jar;C:\Windows\system32\config\systemprofile\.m2\repository\org\apache\maven\maven-plugin-registry\2.2.0\maven-plugin-registry-2.2.0.jar;C:\Windows\system32\config\systemprofile\.m2\repository\org\codehaus\plexus\plexus-utils\1.5.15\plexus-utils-1.5.15.jar;C:\Windows\system32\config\systemprofile\.m2\repository\org\apache\maven\maven-artifact\2.2.0\maven-artifact-2.2.0.jar;C:\Windows\system32\config\systemprofile\.m2\repository\org\codehaus\sonar\sonar-update-center-common\1.11\sonar-update-center-common-1.11.jar;C:\Windows\system32\config\systemprofile\.m2\repository\commons-io\commons-io\2.4\commons-io-2.4.jar;C:\Windows\system32\config\systemprofile\.m2\repository\org\codehaus\sonar\sonar-home\4.5.2\sonar-home-4.5.2.jar;C:\Windows\system32\config\systemprofile\.m2\repository\org\hibernate\hibernate-annotations\3.4.0.GA\hibernate-annotations-3.4.0.GA.jar;C:\Windows\system32\config\systemprofile\.m2\repository\org\hibernate\ejb3-persistence\1.0.2.GA\ejb3-persistence-1.0.2.GA.jar;C:\Windows\system32\config\systemprofile\.m2\repository\org\hibernate\hibernate-commons-annotations\3.1.0.GA\hibernate-commons-annotations-3.1.0.GA.jar;C:\Windows\system32\config\systemprofile\.m2\repository\geronimo-spec\geronimo-spec-jta\1.0-M1\geronimo-spec-jta-1.0-M1.jar;C:\Windows\system32\config\systemprofile\.m2\repository\commons-dbcp\commons-dbcp\1.4\commons-dbcp-1.4.jar;C:\Windows\system32\config\systemprofile\.m2\repository\commons-pool\commons-pool\1.5.4\commons-pool-1.5.4.jar;C:\Windows\system32\config\systemprofile\.m2\repository\commons-dbutils\commons-dbutils\1.5\commons-dbutils-1.5.jar;C:\Windows\system32\config\systemprofile\.m2\repository\org\codehaus\plexus\plexus-classworlds\2.5.1\plexus-classworlds-2.5.1.jar;C:\Windows\system32\config\systemprofile\.m2\repository\com\googlecode\json-simple\json-simple\1.1.1\json-simple-1.1.1.jar;C:\Windows\system32\config\systemprofile\.m2\repository\com\tinkerpop\blueprints\blueprints-core\2.2.0\blueprints-core-2.2.0.jar;C:\Windows\system32\config\systemprofile\.m2\repository\ch\qos\logback\logback-core\1.0.13\logback-core-1.0.13.jar;C:\Windows\system32\config\systemprofile\.m2\repository\org\codehaus\sonar\sonar-plugin-api\5.0\sonar-plugin-api-5.0.jar;C:\Windows\system32\config\systemprofile\.m2\repository\com\google\code\findbugs\jsr305\1.3.9\jsr305-1.3.9.jar;C:\Windows\system32\config\systemprofile\.m2\repository\org\codehaus\sonar\sonar-check-api\5.0\sonar-check-api-5.0.jar;C:\Windows\system32\config\systemprofile\.m2\repository\org\codehaus\sonar\sonar-colorizer\5.0\sonar-colorizer-5.0.jar;C:\Windows\system32\config\systemprofile\.m2\repository\org\codehaus\sonar\sonar-channel\4.1\sonar-channel-4.1.jar;C:\Windows\system32\config\systemprofile\.m2\repository\org\codehaus\sonar\sonar-duplications\5.0\sonar-duplications-5.0.jar;C:\Windows\system32\config\systemprofile\.m2\repository\org\codehaus\sonar\sonar-graph\5.0\sonar-graph-5.0.jar;C:\Windows\system32\config\systemprofile\.m2\repository\org\codehaus\sonar\sonar-squid\4.1\sonar-squid-4.1.jar;C:\Windows\system32\config\systemprofile\.m2\repository\org\picocontainer\picocontainer\2.14.3\picocontainer-2.14.3.jar;C:\Windows\system32\config\systemprofile\.m2\repository\com\google\guava\guava\10.0.1\guava-10.0.1.jar;C:\Windows\system32\config\systemprofile\.m2\repository\commons-codec\commons-codec\1.8\commons-codec-1.8.jar;C:\Windows\system32\config\systemprofile\.m2\repository\commons-lang\commons-lang\2.6\commons-lang-2.6.jar;C:\Windows\system32\config\systemprofile\.m2\repository\commons-collections\commons-collections\3.2.1\commons-collections-3.2.1.jar;C:\Windows\system32\config\systemprofile\.m2\repository\xpp3\xpp3\1.1.3.3\xpp3-1.1.3.3.jar;C:\Windows\system32\config\systemprofile\.m2\repository\org\codehaus\woodstox\woodstox-core-lgpl\4.4.0\woodstox-core-lgpl-4.4.0.jar;C:\Windows\system32\config\systemprofile\.m2\repository\javax\xml\stream\stax-api\1.0-2\stax-api-1.0-2.jar;C:\Windows\system32\config\systemprofile\.m2\repository\org\codehaus\woodstox\stax2-api\3.1.4\stax2-api-3.1.4.jar;C:\Windows\system32\config\systemprofile\.m2\repository\org\codehaus\staxmate\staxmate\2.0.1\staxmate-2.0.1.jar;C:\Windows\system32\config\systemprofile\.m2\repository\net\sourceforge\cobertura\cobertura\1.9.2\cobertura-1.9.2.jar;C:\Windows\system32\config\systemprofile\.m2\repository\org\apache\ant\ant\1.7.0\ant-1.7.0.jar;C:\Windows\system32\config\systemprofile\.m2\repository\org\apache\ant\ant-launcher\1.7.0\ant-launcher-1.7.0.jar;"/>
    <property name="java.vm.specification.version" value="1.8"/>
    <property name="sun.arch.data.model" value="64"/>
    <property name="java.home" value="C:\Program Files\Java\jdk1.8.0\jre"/>
    <property name="sun.java.command" value="C:\Program Files (x86)\Jenkins\jobs\Pull_request\workspace\target\surefire\surefirebooter7763452162503832236.jar C:\Program Files (x86)\Jenkins\jobs\Pull_request\workspace\target\surefire\surefire6602389571450112558tmp C:\Program Files (x86)\Jenkins\jobs\Pull_request\workspace\target\surefire\surefire6458983656367999785tmp"/>
    <property name="java.specification.vendor" value="Oracle Corporation"/>
    <property name="user.language" value="en"/>
    <property name="awt.toolkit" value="sun.awt.windows.WToolkit"/>
    <property name="java.vm.info" value="mixed mode"/>
    <property name="java.version" value="1.8.0"/>
    <property name="java.ext.dirs" value="C:\Program Files\Java\jdk1.8.0\jre\lib\ext;C:\Windows\Sun\Java\lib\ext"/>
    <property name="sun.boot.class.path" value="C:\Program Files\Java\jdk1.8.0\jre\lib\resources.jar;C:\Program Files\Java\jdk1.8.0\jre\lib\rt.jar;C:\Program Files\Java\jdk1.8.0\jre\lib\sunrsasign.jar;C:\Program Files\Java\jdk1.8.0\jre\lib\jsse.jar;C:\Program Files\Java\jdk1.8.0\jre\lib\jce.jar;C:\Program Files\Java\jdk1.8.0\jre\lib\charsets.jar;C:\Program Files\Java\jdk1.8.0\jre\lib\jfr.jar;C:\Program Files\Java\jdk1.8.0\jre\classes"/>
    <property name="java.vendor" value="Oracle Corporation"/>
    <property name="localRepository" value="C:\Windows\system32\config\systemprofile\.m2\repository"/>
    <property name="file.separator" value="\"/>
    <property name="java.vendor.url.bug" value="http://bugreport.sun.com/bugreport/"/>
    <property name="sun.cpu.endian" value="little"/>
    <property name="sun.io.unicode.encoding" value="UnicodeLittle"/>
    <property name="sun.desktop" value="windows"/>
    <property name="sun.cpu.isalist" value="amd64"/>
  </properties>
  <testcase classname="org.suda.customerMgr.dao.CustomerDaoImplTest" name="testListCustomer" time="0.269"/>
  <testcase classname="org.suda.customerMgr.dao.CustomerDaoImplTest" name="testaddcustomer" time="0.004"/>
</testsuite>